TN:
SF:src/App.tsx
FN:7,App
FN:22,onClick
FNF:2
FNH:2
FNDA:4,App
FNDA:2,onClick
DA:1,1
DA:2,1
DA:3,1
DA:4,1
DA:5,1
DA:7,4
DA:8,4
DA:10,4
DA:11,4
DA:12,4
DA:13,4
DA:14,4
DA:15,4
DA:16,4
DA:17,4
DA:18,4
DA:19,4
DA:20,4
DA:21,4
DA:22,4
DA:23,4
DA:24,4
DA:25,4
DA:26,4
DA:27,4
DA:28,4
DA:29,4
DA:31,4
DA:32,4
DA:34,4
DA:36,1
LF:31
LH:31
BRDA:7,0,0,4
BRDA:22,1,0,2
BRDA:22,2,0,2
BRF:3
BRH:3
end_of_record
TN:
SF:src/components/version/index.tsx
FN:1,AppVersion
FNF:1
FNH:1
FNDA:4,AppVersion
DA:1,1
DA:2,4
DA:3,4
DA:4,4
DA:5,4
DA:7,4
LF:6
LH:6
BRDA:1,0,0,4
BRF:1
BRH:1
end_of_record
