TN:
SF:src/App.tsx
FN:6,App
FN:8,updateFavicon
FNF:2
FNH:2
FNDA:3,App
FNDA:5,updateFavicon
DA:1,1
DA:2,1
DA:3,1
DA:4,1
DA:6,3
DA:7,3
DA:8,3
DA:9,5
DA:10,5
DA:12,5
DA:13,4
DA:14,5
DA:15,1
DA:16,1
DA:17,5
DA:19,3
DA:21,3
DA:22,3
DA:24,3
DA:25,3
DA:26,3
DA:27,3
DA:29,3
DA:30,3
DA:31,3
DA:32,3
DA:33,3
DA:34,3
DA:36,3
DA:38,1
LF:30
LH:30
BRDA:6,0,0,3
BRDA:7,1,0,3
BRDA:8,2,0,5
BRDA:12,3,0,4
BRDA:14,4,0,1
BRDA:24,5,0,3
BRF:6
BRH:6
end_of_record
TN:
SF:src/i18n.ts
FNF:0
FNH:0
DA:1,1
DA:2,1
DA:3,1
DA:5,1
DA:6,1
DA:8,1
DA:9,1
DA:10,1
DA:11,1
DA:12,1
DA:13,1
DA:14,1
DA:15,1
DA:16,1
DA:17,1
DA:18,1
DA:19,1
DA:20,1
DA:21,1
DA:22,1
DA:23,1
DA:24,1
DA:26,1
LF:23
LH:23
BRF:0
BRH:0
end_of_record
TN:
SF:src/components/version/index.tsx
FN:1,AppVersion
FNF:1
FNH:1
FNDA:1,AppVersion
DA:1,1
DA:2,1
DA:3,1
DA:4,1
DA:5,1
DA:7,1
LF:6
LH:6
BRDA:1,0,0,1
BRF:1
BRH:1
end_of_record
TN:
SF:src/hooks/useTranslation.ts
FN:3,useTranslation
FNF:1
FNH:1
FNDA:22,useTranslation
DA:1,1
DA:3,1
DA:4,22
DA:6,22
DA:7,22
LF:5
LH:5
BRDA:3,0,0,22
BRF:1
BRH:1
end_of_record
TN:
SF:src/sections/header/downloadCv.tsx
FN:10,DowndloadCv
FN:25,handleDownload
FNF:2
FNH:2
FNDA:13,DowndloadCv
FNDA:2,handleDownload
DA:1,1
DA:2,1
DA:3,1
DA:5,1
DA:6,1
DA:7,1
DA:8,1
DA:10,1
DA:11,13
DA:12,13
DA:13,13
DA:15,13
DA:16,11
DA:17,2
DA:18,2
DA:19,2
DA:20,2
DA:21,2
DA:22,2
DA:23,13
DA:25,13
DA:26,2
DA:27,2
DA:29,13
DA:30,13
DA:31,13
DA:32,13
DA:33,13
DA:34,13
DA:35,13
DA:36,13
DA:37,13
DA:38,13
DA:39,13
DA:40,13
DA:41,13
DA:42,13
DA:43,13
DA:44,13
DA:46,13
DA:47,13
DA:48,13
DA:49,13
DA:50,13
DA:51,13
DA:52,13
DA:53,13
DA:54,13
DA:56,13
DA:57,13
DA:58,9
DA:59,9
DA:60,9
DA:61,9
DA:62,9
DA:63,9
DA:64,9
DA:66,9
DA:67,9
DA:68,9
DA:70,4
DA:71,4
DA:72,4
DA:73,4
DA:74,4
DA:75,4
DA:76,4
DA:78,4
DA:79,4
DA:81,13
DA:82,13
DA:84,13
LF:72
LH:72
BRDA:10,0,0,13
BRDA:13,1,0,0
BRDA:51,2,0,4
BRDA:51,3,0,9
BRDA:57,4,0,9
BRDA:68,5,0,4
BRDA:15,6,0,11
BRDA:16,7,0,2
BRDA:17,8,0,2
BRDA:21,9,0,2
BRDA:25,10,0,2
BRF:11
BRH:10
end_of_record
TN:
SF:src/sections/header/index.tsx
FN:5,Header
FNF:1
FNH:1
FNDA:9,Header
DA:1,1
DA:2,1
DA:3,1
DA:5,1
DA:6,9
DA:8,9
DA:9,9
DA:10,9
DA:12,9
DA:13,9
DA:14,9
DA:15,9
DA:16,9
DA:17,9
DA:18,36
DA:19,36
DA:20,36
DA:21,36
DA:22,36
DA:26,36
DA:27,36
DA:28,36
DA:29,9
DA:30,9
DA:32,9
DA:33,9
DA:35,9
LF:27
LH:27
BRDA:5,0,0,9
BRDA:17,1,0,36
BRF:2
BRH:2
end_of_record
